mode: atomic
url-shortener/pkg/ratelimit/limiter.go:20.48,29.2 3 4
url-shortener/pkg/ratelimit/limiter.go:31.42,38.13 5 217
url-shortener/pkg/ratelimit/limiter.go:38.13,44.3 2 5
url-shortener/pkg/ratelimit/limiter.go:46.2,49.21 3 212
url-shortener/pkg/ratelimit/limiter.go:49.21,52.3 2 1
url-shortener/pkg/ratelimit/limiter.go:54.2,54.18 1 212
url-shortener/pkg/ratelimit/limiter.go:54.18,57.3 2 108
url-shortener/pkg/ratelimit/limiter.go:59.2,59.14 1 104
url-shortener/pkg/ratelimit/limiter.go:62.29,66.21 3 4
url-shortener/pkg/ratelimit/limiter.go:66.21,69.32 3 0
url-shortener/pkg/ratelimit/limiter.go:69.32,70.43 1 0
url-shortener/pkg/ratelimit/limiter.go:70.43,72.5 1 0
url-shortener/pkg/ratelimit/limiter.go:74.3,74.16 1 0
url-shortener/pkg/ratelimit/limiter.go:78.24,79.11 1 1
url-shortener/pkg/ratelimit/limiter.go:79.11,81.3 1 0
url-shortener/pkg/ratelimit/limiter.go:82.2,82.10 1 1
url-shortener/pkg/circuitbreaker/breaker.go:26.71,32.2 1 4
url-shortener/pkg/circuitbreaker/breaker.go:34.55,37.27 2 10
url-shortener/pkg/circuitbreaker/breaker.go:37.27,38.52 1 2
url-shortener/pkg/circuitbreaker/breaker.go:38.52,40.4 1 1
url-shortener/pkg/circuitbreaker/breaker.go:40.9,43.4 2 1
url-shortener/pkg/circuitbreaker/breaker.go:46.2,53.16 5 9
url-shortener/pkg/circuitbreaker/breaker.go:53.16,57.36 3 6
url-shortener/pkg/circuitbreaker/breaker.go:57.36,59.4 1 2
url-shortener/pkg/circuitbreaker/breaker.go:60.3,60.13 1 6
url-shortener/pkg/circuitbreaker/breaker.go:63.2,63.31 1 3
url-shortener/pkg/circuitbreaker/breaker.go:63.31,65.3 1 1
url-shortener/pkg/circuitbreaker/breaker.go:66.2,67.12 2 3
url-shortener/pkg/shortcode/generator.go:13.33,15.24 2 11001
url-shortener/pkg/shortcode/generator.go:15.24,17.17 2 77007
url-shortener/pkg/shortcode/generator.go:17.17,19.4 1 0
url-shortener/pkg/shortcode/generator.go:20.3,20.35 1 77007
url-shortener/pkg/shortcode/generator.go:22.2,22.28 1 11001
url-shortener/services/cache-service/cache/cache.go:22.36,30.2 3 5
url-shortener/services/cache-service/cache/cache.go:32.76,34.38 2 7
url-shortener/services/cache-service/cache/cache.go:34.38,35.41 1 5
url-shortener/services/cache-service/cache/cache.go:35.41,38.4 2 4
url-shortener/services/cache-service/cache/cache.go:40.2,43.22 3 3
url-shortener/services/cache-service/cache/cache.go:43.22,45.3 1 3
url-shortener/services/cache-service/cache/cache.go:46.2,46.16 1 0
url-shortener/services/cache-service/cache/cache.go:46.16,48.3 1 0
url-shortener/services/cache-service/cache/cache.go:50.2,57.23 4 0
url-shortener/services/cache-service/cache/cache.go:60.86,61.62 1 4
url-shortener/services/cache-service/cache/cache.go:61.62,63.3 1 0
url-shortener/services/cache-service/cache/cache.go:65.2,72.12 4 4
url-shortener/services/cache-service/cache/cache.go:75.63,81.2 4 1
url-shortener/services/cache-service/cache/cache.go:83.27,87.21 3 5
url-shortener/services/cache-service/cache/cache.go:87.21,90.38 3 0
url-shortener/services/cache-service/cache/cache.go:90.38,91.34 1 0
url-shortener/services/cache-service/cache/cache.go:91.34,93.5 1 0
url-shortener/services/cache-service/cache/cache.go:95.3,95.21 1 0
url-shortener/services/analytics-service/worker/worker.go:24.63,32.2 1 2
url-shortener/services/analytics-service/worker/worker.go:35.30,37.33 1 1
url-shortener/services/analytics-service/worker/worker.go:37.33,40.3 2 2
url-shortener/services/analytics-service/worker/worker.go:43.2,44.23 2 1
url-shortener/services/analytics-service/worker/worker.go:47.54,48.9 1 151
url-shortener/services/analytics-service/worker/worker.go:49.27,49.27 0 151
url-shortener/services/analytics-service/worker/worker.go:50.10,51.44 1 0
url-shortener/services/analytics-service/worker/worker.go:55.37,58.34 2 2
url-shortener/services/analytics-service/worker/worker.go:58.34,59.57 1 2
url-shortener/services/analytics-service/worker/worker.go:59.57,61.4 1 0
url-shortener/services/analytics-service/worker/worker.go:63.3,63.31 1 2
url-shortener/services/analytics-service/worker/worker.go:63.31,64.62 1 150
url-shortener/services/analytics-service/worker/worker.go:64.62,66.5 1 0
url-shortener/services/analytics-service/worker/worker.go:72.39,84.18 6 1
url-shortener/services/analytics-service/worker/worker.go:84.18,85.22 1 4
url-shortener/services/analytics-service/worker/worker.go:85.22,87.4 1 2
url-shortener/services/analytics-service/worker/worker.go:89.3,91.10 3 2
url-shortener/services/analytics-service/worker/worker.go:92.34,92.34 0 2
url-shortener/services/analytics-service/worker/worker.go:93.11,94.50 1 0
url-shortener/services/analytics-service/worker/worker.go:96.3,96.20 1 2
url-shortener/services/analytics-service/worker/worker.go:99.2,99.6 1 1
url-shortener/services/analytics-service/worker/worker.go:99.6,100.10 1 153
url-shortener/services/analytics-service/worker/worker.go:101.17,105.10 3 1
url-shortener/services/analytics-service/worker/worker.go:107.27,109.34 2 150
url-shortener/services/analytics-service/worker/worker.go:109.34,111.22 2 1
url-shortener/services/analytics-service/worker/worker.go:111.22,113.6 1 0
url-shortener/services/analytics-service/worker/worker.go:114.5,114.31 1 1
url-shortener/services/analytics-service/worker/worker.go:117.18,119.30 2 2
url-shortener/services/analytics-service/worker/worker.go:124.29,127.2 2 1
url-shortener/proto/generated/url_service/url_service.pb.go:33.36,38.2 4 0
url-shortener/proto/generated/url_service/url_service.pb.go:40.44,42.2 1 0
url-shortener/proto/generated/url_service/url_service.pb.go:44.42,44.43 0 0
url-shortener/proto/generated/url_service/url_service.pb.go:46.64,48.14 2 0
url-shortener/proto/generated/url_service/url_service.pb.go:48.14,50.34 2 0
url-shortener/proto/generated/url_service/url_service.pb.go:50.34,52.4 1 0
url-shortener/proto/generated/url_service/url_service.pb.go:53.3,53.12 1 0
url-shortener/proto/generated/url_service/url_service.pb.go:55.2,55.24 1 0
url-shortener/proto/generated/url_service/url_service.pb.go:59.55,61.2 1 0
url-shortener/proto/generated/url_service/url_service.pb.go:63.52,64.14 1 0
url-shortener/proto/generated/url_service/url_service.pb.go:64.14,66.3 1 0
url-shortener/proto/generated/url_service/url_service.pb.go:67.2,67.11 1 0
url-shortener/proto/generated/url_service/url_service.pb.go:70.47,71.14 1 0
url-shortener/proto/generated/url_service/url_service.pb.go:71.14,73.3 1 0
url-shortener/proto/generated/url_service/url_service.pb.go:74.2,74.11 1 0
url-shortener/proto/generated/url_service/url_service.pb.go:77.53,78.14 1 0
url-shortener/proto/generated/url_service/url_service.pb.go:78.14,80.3 1 0
url-shortener/proto/generated/url_service/url_service.pb.go:81.2,81.10 1 0
url-shortener/proto/generated/url_service/url_service.pb.go:94.37,99.2 4 0
url-shortener/proto/generated/url_service/url_service.pb.go:101.45,103.2 1 0
url-shortener/proto/generated/url_service/url_service.pb.go:105.43,105.44 0 0
url-shortener/proto/generated/url_service/url_service.pb.go:107.65,109.14 2 0
url-shortener/proto/generated/url_service/url_service.pb.go:109.14,111.34 2 0
url-shortener/proto/generated/url_service/url_service.pb.go:111.34,113.4 1 0
url-shortener/proto/generated/url_service/url_service.pb.go:114.3,114.12 1 0
url-shortener/proto/generated/url_service/url_service.pb.go:116.2,116.24 1 0
url-shortener/proto/generated/url_service/url_service.pb.go:120.56,122.2 1 0
url-shortener/proto/generated/url_service/url_service.pb.go:124.51,125.14 1 0
url-shortener/proto/generated/url_service/url_service.pb.go:125.14,127.3 1 0
url-shortener/proto/generated/url_service/url_service.pb.go:128.2,128.11 1 0
url-shortener/proto/generated/url_service/url_service.pb.go:131.50,132.14 1 0
url-shortener/proto/generated/url_service/url_service.pb.go:132.14,134.3 1 0
url-shortener/proto/generated/url_service/url_service.pb.go:135.2,135.11 1 0
url-shortener/proto/generated/url_service/url_service.pb.go:138.47,139.14 1 0
url-shortener/proto/generated/url_service/url_service.pb.go:139.14,141.3 1 0
url-shortener/proto/generated/url_service/url_service.pb.go:142.2,142.14 1 0
url-shortener/proto/generated/url_service/url_service.pb.go:145.47,146.14 1 0
url-shortener/proto/generated/url_service/url_service.pb.go:146.14,148.3 1 0
url-shortener/proto/generated/url_service/url_service.pb.go:149.2,149.11 1 0
url-shortener/proto/generated/url_service/url_service.pb.go:159.33,164.2 4 0
url-shortener/proto/generated/url_service/url_service.pb.go:166.41,168.2 1 0
url-shortener/proto/generated/url_service/url_service.pb.go:170.39,170.40 0 0
url-shortener/proto/generated/url_service/url_service.pb.go:172.61,174.14 2 0
url-shortener/proto/generated/url_service/url_service.pb.go:174.14,176.34 2 0
url-shortener/proto/generated/url_service/url_service.pb.go:176.34,178.4 1 0
url-shortener/proto/generated/url_service/url_service.pb.go:179.3,179.12 1 0
url-shortener/proto/generated/url_service/url_service.pb.go:181.2,181.24 1 0
url-shortener/proto/generated/url_service/url_service.pb.go:185.52,187.2 1 0
url-shortener/proto/generated/url_service/url_service.pb.go:189.47,190.14 1 0
url-shortener/proto/generated/url_service/url_service.pb.go:190.14,192.3 1 0
url-shortener/proto/generated/url_service/url_service.pb.go:193.2,193.11 1 0
url-shortener/proto/generated/url_service/url_service.pb.go:205.34,210.2 4 0
url-shortener/proto/generated/url_service/url_service.pb.go:212.42,214.2 1 0
url-shortener/proto/generated/url_service/url_service.pb.go:216.40,216.41 0 0
url-shortener/proto/generated/url_service/url_service.pb.go:218.62,220.14 2 0
url-shortener/proto/generated/url_service/url_service.pb.go:220.14,222.34 2 0
url-shortener/proto/generated/url_service/url_service.pb.go:222.34,224.4 1 0
url-shortener/proto/generated/url_service/url_service.pb.go:225.3,225.12 1 0
url-shortener/proto/generated/url_service/url_service.pb.go:227.2,227.24 1 0
url-shortener/proto/generated/url_service/url_service.pb.go:231.53,233.2 1 0
url-shortener/proto/generated/url_service/url_service.pb.go:235.50,236.14 1 0
url-shortener/proto/generated/url_service/url_service.pb.go:236.14,238.3 1 0
url-shortener/proto/generated/url_service/url_service.pb.go:239.2,239.11 1 0
url-shortener/proto/generated/url_service/url_service.pb.go:242.42,243.14 1 0
url-shortener/proto/generated/url_service/url_service.pb.go:243.14,245.3 1 0
url-shortener/proto/generated/url_service/url_service.pb.go:246.2,246.14 1 0
url-shortener/proto/generated/url_service/url_service.pb.go:249.45,250.14 1 0
url-shortener/proto/generated/url_service/url_service.pb.go:250.14,252.3 1 0
url-shortener/proto/generated/url_service/url_service.pb.go:253.2,253.14 1 0
url-shortener/proto/generated/url_service/url_service.pb.go:263.36,268.2 4 0
url-shortener/proto/generated/url_service/url_service.pb.go:270.44,272.2 1 0
url-shortener/proto/generated/url_service/url_service.pb.go:274.42,274.43 0 0
url-shortener/proto/generated/url_service/url_service.pb.go:276.64,278.14 2 0
url-shortener/proto/generated/url_service/url_service.pb.go:278.14,280.34 2 0
url-shortener/proto/generated/url_service/url_service.pb.go:280.34,282.4 1 0
url-shortener/proto/generated/url_service/url_service.pb.go:283.3,283.12 1 0
url-shortener/proto/generated/url_service/url_service.pb.go:285.2,285.24 1 0
url-shortener/proto/generated/url_service/url_service.pb.go:289.55,291.2 1 0
url-shortener/proto/generated/url_service/url_service.pb.go:293.50,294.14 1 0
url-shortener/proto/generated/url_service/url_service.pb.go:294.14,296.3 1 0
url-shortener/proto/generated/url_service/url_service.pb.go:297.2,297.11 1 0
url-shortener/proto/generated/url_service/url_service.pb.go:307.37,312.2 4 0
url-shortener/proto/generated/url_service/url_service.pb.go:314.45,316.2 1 0
url-shortener/proto/generated/url_service/url_service.pb.go:318.43,318.44 0 0
url-shortener/proto/generated/url_service/url_service.pb.go:320.65,322.14 2 0
url-shortener/proto/generated/url_service/url_service.pb.go:322.14,324.34 2 0
url-shortener/proto/generated/url_service/url_service.pb.go:324.34,326.4 1 0
url-shortener/proto/generated/url_service/url_service.pb.go:327.3,327.12 1 0
url-shortener/proto/generated/url_service/url_service.pb.go:329.2,329.24 1 0
url-shortener/proto/generated/url_service/url_service.pb.go:333.56,335.2 1 0
url-shortener/proto/generated/url_service/url_service.pb.go:337.47,338.14 1 0
url-shortener/proto/generated/url_service/url_service.pb.go:338.14,340.3 1 0
url-shortener/proto/generated/url_service/url_service.pb.go:341.2,341.14 1 0
url-shortener/proto/generated/url_service/url_service.pb.go:406.56,407.53 1 0
url-shortener/proto/generated/url_service/url_service.pb.go:407.53,409.3 1 0
url-shortener/proto/generated/url_service/url_service.pb.go:410.2,410.49 1 0
url-shortener/proto/generated/url_service/url_service.pb.go:436.13,436.52 1 0
url-shortener/proto/generated/url_service/url_service.pb.go:437.42,438.41 1 0
url-shortener/proto/generated/url_service/url_service.pb.go:438.41,440.3 1 0
url-shortener/proto/generated/url_service/url_service.pb.go:441.2,457.44 5 0
url-shortener/proto/generated/url_service/url_service_grpc.pb.go:40.72,42.2 1 0
url-shortener/proto/generated/url_service/url_service_grpc.pb.go:44.139,48.16 4 0
url-shortener/proto/generated/url_service/url_service_grpc.pb.go:48.16,50.3 1 0
url-shortener/proto/generated/url_service/url_service_grpc.pb.go:51.2,51.17 1 0
url-shortener/proto/generated/url_service/url_service_grpc.pb.go:54.133,58.16 4 0
url-shortener/proto/generated/url_service/url_service_grpc.pb.go:58.16,60.3 1 0
url-shortener/proto/generated/url_service/url_service_grpc.pb.go:61.2,61.17 1 0
url-shortener/proto/generated/url_service/url_service_grpc.pb.go:64.134,68.16 4 0
url-shortener/proto/generated/url_service/url_service_grpc.pb.go:68.16,70.3 1 0
url-shortener/proto/generated/url_service/url_service_grpc.pb.go:71.2,71.17 1 0
url-shortener/proto/generated/url_service/url_service_grpc.pb.go:91.117,93.2 1 0
url-shortener/proto/generated/url_service/url_service_grpc.pb.go:94.111,96.2 1 0
url-shortener/proto/generated/url_service/url_service_grpc.pb.go:97.112,99.2 1 0
url-shortener/proto/generated/url_service/url_service_grpc.pb.go:100.80,100.81 0 0
url-shortener/proto/generated/url_service/url_service_grpc.pb.go:101.80,101.81 0 0
url-shortener/proto/generated/url_service/url_service_grpc.pb.go:110.78,115.59 1 0
url-shortener/proto/generated/url_service/url_service_grpc.pb.go:115.59,117.3 1 0
url-shortener/proto/generated/url_service/url_service_grpc.pb.go:118.2,118.49 1 0
url-shortener/proto/generated/url_service/url_service_grpc.pb.go:121.170,123.32 2 0
url-shortener/proto/generated/url_service/url_service_grpc.pb.go:123.32,125.3 1 0
url-shortener/proto/generated/url_service/url_service_grpc.pb.go:126.2,126.24 1 0
url-shortener/proto/generated/url_service/url_service_grpc.pb.go:126.24,128.3 1 0
url-shortener/proto/generated/url_service/url_service_grpc.pb.go:129.2,133.77 2 0
url-shortener/proto/generated/url_service/url_service_grpc.pb.go:133.77,135.3 1 0
url-shortener/proto/generated/url_service/url_service_grpc.pb.go:136.2,136.44 1 0
url-shortener/proto/generated/url_service/url_service_grpc.pb.go:139.170,141.32 2 0
url-shortener/proto/generated/url_service/url_service_grpc.pb.go:141.32,143.3 1 0
url-shortener/proto/generated/url_service/url_service_grpc.pb.go:144.2,144.24 1 0
url-shortener/proto/generated/url_service/url_service_grpc.pb.go:144.24,146.3 1 0
url-shortener/proto/generated/url_service/url_service_grpc.pb.go:147.2,151.77 2 0
url-shortener/proto/generated/url_service/url_service_grpc.pb.go:151.77,153.3 1 0
url-shortener/proto/generated/url_service/url_service_grpc.pb.go:154.2,154.44 1 0
url-shortener/proto/generated/url_service/url_service_grpc.pb.go:157.165,159.32 2 0
url-shortener/proto/generated/url_service/url_service_grpc.pb.go:159.32,161.3 1 0
url-shortener/proto/generated/url_service/url_service_grpc.pb.go:162.2,162.24 1 0
url-shortener/proto/generated/url_service/url_service_grpc.pb.go:162.24,164.3 1 0
url-shortener/proto/generated/url_service/url_service_grpc.pb.go:165.2,169.77 2 0
url-shortener/proto/generated/url_service/url_service_grpc.pb.go:169.77,171.3 1 0
url-shortener/proto/generated/url_service/url_service_grpc.pb.go:172.2,172.44 1 0
url-shortener/proto/generated/cache_service/cache_service.pb.go:31.35,36.2 4 0
url-shortener/proto/generated/cache_service/cache_service.pb.go:38.43,40.2 1 0
url-shortener/proto/generated/cache_service/cache_service.pb.go:42.41,42.42 0 0
url-shortener/proto/generated/cache_service/cache_service.pb.go:44.63,46.14 2 0
url-shortener/proto/generated/cache_service/cache_service.pb.go:46.14,48.34 2 0
url-shortener/proto/generated/cache_service/cache_service.pb.go:48.34,50.4 1 0
url-shortener/proto/generated/cache_service/cache_service.pb.go:51.3,51.12 1 0
url-shortener/proto/generated/cache_service/cache_service.pb.go:53.2,53.24 1 0
url-shortener/proto/generated/cache_service/cache_service.pb.go:57.54,59.2 1 0
url-shortener/proto/generated/cache_service/cache_service.pb.go:61.43,62.14 1 0
url-shortener/proto/generated/cache_service/cache_service.pb.go:62.14,64.3 1 0
url-shortener/proto/generated/cache_service/cache_service.pb.go:65.2,65.11 1 0
url-shortener/proto/generated/cache_service/cache_service.pb.go:76.36,81.2 4 0
url-shortener/proto/generated/cache_service/cache_service.pb.go:83.44,85.2 1 0
url-shortener/proto/generated/cache_service/cache_service.pb.go:87.42,87.43 0 0
url-shortener/proto/generated/cache_service/cache_service.pb.go:89.64,91.14 2 0
url-shortener/proto/generated/cache_service/cache_service.pb.go:91.14,93.34 2 0
url-shortener/proto/generated/cache_service/cache_service.pb.go:93.34,95.4 1 0
url-shortener/proto/generated/cache_service/cache_service.pb.go:96.3,96.12 1 0
url-shortener/proto/generated/cache_service/cache_service.pb.go:98.2,98.24 1 0
url-shortener/proto/generated/cache_service/cache_service.pb.go:102.55,104.2 1 0
url-shortener/proto/generated/cache_service/cache_service.pb.go:106.46,107.14 1 0
url-shortener/proto/generated/cache_service/cache_service.pb.go:107.14,109.3 1 0
url-shortener/proto/generated/cache_service/cache_service.pb.go:110.2,110.11 1 0
url-shortener/proto/generated/cache_service/cache_service.pb.go:113.44,114.14 1 0
url-shortener/proto/generated/cache_service/cache_service.pb.go:114.14,116.3 1 0
url-shortener/proto/generated/cache_service/cache_service.pb.go:117.2,117.14 1 0
url-shortener/proto/generated/cache_service/cache_service.pb.go:129.35,134.2 4 0
url-shortener/proto/generated/cache_service/cache_service.pb.go:136.43,138.2 1 0
url-shortener/proto/generated/cache_service/cache_service.pb.go:140.41,140.42 0 0
url-shortener/proto/generated/cache_service/cache_service.pb.go:142.63,144.14 2 0
url-shortener/proto/generated/cache_service/cache_service.pb.go:144.14,146.34 2 0
url-shortener/proto/generated/cache_service/cache_service.pb.go:146.34,148.4 1 0
url-shortener/proto/generated/cache_service/cache_service.pb.go:149.3,149.12 1 0
url-shortener/proto/generated/cache_service/cache_service.pb.go:151.2,151.24 1 0
url-shortener/proto/generated/cache_service/cache_service.pb.go:155.54,157.2 1 0
url-shortener/proto/generated/cache_service/cache_service.pb.go:159.43,160.14 1 0
url-shortener/proto/generated/cache_service/cache_service.pb.go:160.14,162.3 1 0
url-shortener/proto/generated/cache_service/cache_service.pb.go:163.2,163.11 1 0
url-shortener/proto/generated/cache_service/cache_service.pb.go:166.45,167.14 1 0
url-shortener/proto/generated/cache_service/cache_service.pb.go:167.14,169.3 1 0
url-shortener/proto/generated/cache_service/cache_service.pb.go:170.2,170.11 1 0
url-shortener/proto/generated/cache_service/cache_service.pb.go:173.49,174.14 1 0
url-shortener/proto/generated/cache_service/cache_service.pb.go:174.14,176.3 1 0
url-shortener/proto/generated/cache_service/cache_service.pb.go:177.2,177.10 1 0
url-shortener/proto/generated/cache_service/cache_service.pb.go:187.36,192.2 4 0
url-shortener/proto/generated/cache_service/cache_service.pb.go:194.44,196.2 1 0
url-shortener/proto/generated/cache_service/cache_service.pb.go:198.42,198.43 0 0
url-shortener/proto/generated/cache_service/cache_service.pb.go:200.64,202.14 2 0
url-shortener/proto/generated/cache_service/cache_service.pb.go:202.14,204.34 2 0
url-shortener/proto/generated/cache_service/cache_service.pb.go:204.34,206.4 1 0
url-shortener/proto/generated/cache_service/cache_service.pb.go:207.3,207.12 1 0
url-shortener/proto/generated/cache_service/cache_service.pb.go:209.2,209.24 1 0
url-shortener/proto/generated/cache_service/cache_service.pb.go:213.55,215.2 1 0
url-shortener/proto/generated/cache_service/cache_service.pb.go:217.46,218.14 1 0
url-shortener/proto/generated/cache_service/cache_service.pb.go:218.14,220.3 1 0
url-shortener/proto/generated/cache_service/cache_service.pb.go:221.2,221.14 1 0
url-shortener/proto/generated/cache_service/cache_service.pb.go:231.38,236.2 4 0
url-shortener/proto/generated/cache_service/cache_service.pb.go:238.46,240.2 1 0
url-shortener/proto/generated/cache_service/cache_service.pb.go:242.44,242.45 0 0
url-shortener/proto/generated/cache_service/cache_service.pb.go:244.66,246.14 2 0
url-shortener/proto/generated/cache_service/cache_service.pb.go:246.14,248.34 2 0
url-shortener/proto/generated/cache_service/cache_service.pb.go:248.34,250.4 1 0
url-shortener/proto/generated/cache_service/cache_service.pb.go:251.3,251.12 1 0
url-shortener/proto/generated/cache_service/cache_service.pb.go:253.2,253.24 1 0
url-shortener/proto/generated/cache_service/cache_service.pb.go:257.57,259.2 1 0
url-shortener/proto/generated/cache_service/cache_service.pb.go:261.46,262.14 1 0
url-shortener/proto/generated/cache_service/cache_service.pb.go:262.14,264.3 1 0
url-shortener/proto/generated/cache_service/cache_service.pb.go:265.2,265.11 1 0
url-shortener/proto/generated/cache_service/cache_service.pb.go:275.39,280.2 4 0
url-shortener/proto/generated/cache_service/cache_service.pb.go:282.47,284.2 1 0
url-shortener/proto/generated/cache_service/cache_service.pb.go:286.45,286.46 0 0
url-shortener/proto/generated/cache_service/cache_service.pb.go:288.67,290.14 2 0
url-shortener/proto/generated/cache_service/cache_service.pb.go:290.14,292.34 2 0
url-shortener/proto/generated/cache_service/cache_service.pb.go:292.34,294.4 1 0
url-shortener/proto/generated/cache_service/cache_service.pb.go:295.3,295.12 1 0
url-shortener/proto/generated/cache_service/cache_service.pb.go:297.2,297.24 1 0
url-shortener/proto/generated/cache_service/cache_service.pb.go:301.58,303.2 1 0
url-shortener/proto/generated/cache_service/cache_service.pb.go:305.49,306.14 1 0
url-shortener/proto/generated/cache_service/cache_service.pb.go:306.14,308.3 1 0
url-shortener/proto/generated/cache_service/cache_service.pb.go:309.2,309.14 1 0
url-shortener/proto/generated/cache_service/cache_service.pb.go:363.58,364.55 1 0
url-shortener/proto/generated/cache_service/cache_service.pb.go:364.55,366.3 1 0
url-shortener/proto/generated/cache_service/cache_service.pb.go:367.2,367.51 1 0
url-shortener/proto/generated/cache_service/cache_service.pb.go:393.13,393.54 1 0
url-shortener/proto/generated/cache_service/cache_service.pb.go:394.44,395.43 1 0
url-shortener/proto/generated/cache_service/cache_service.pb.go:395.43,397.3 1 0
url-shortener/proto/generated/cache_service/cache_service.pb.go:398.2,414.46 5 0
url-shortener/proto/generated/cache_service/cache_service_grpc.pb.go:40.76,42.2 1 0
url-shortener/proto/generated/cache_service/cache_service_grpc.pb.go:44.128,48.16 4 0
url-shortener/proto/generated/cache_service/cache_service_grpc.pb.go:48.16,50.3 1 0
url-shortener/proto/generated/cache_service/cache_service_grpc.pb.go:51.2,51.17 1 0
url-shortener/proto/generated/cache_service/cache_service_grpc.pb.go:54.128,58.16 4 0
url-shortener/proto/generated/cache_service/cache_service_grpc.pb.go:58.16,60.3 1 0
url-shortener/proto/generated/cache_service/cache_service_grpc.pb.go:61.2,61.17 1 0
url-shortener/proto/generated/cache_service/cache_service_grpc.pb.go:64.137,68.16 4 0
url-shortener/proto/generated/cache_service/cache_service_grpc.pb.go:68.16,70.3 1 0
url-shortener/proto/generated/cache_service/cache_service_grpc.pb.go:71.2,71.17 1 0
url-shortener/proto/generated/cache_service/cache_service_grpc.pb.go:91.106,93.2 1 0
url-shortener/proto/generated/cache_service/cache_service_grpc.pb.go:94.106,96.2 1 0
url-shortener/proto/generated/cache_service/cache_service_grpc.pb.go:97.115,99.2 1 0
url-shortener/proto/generated/cache_service/cache_service_grpc.pb.go:100.84,100.85 0 0
url-shortener/proto/generated/cache_service/cache_service_grpc.pb.go:101.84,101.85 0 0
url-shortener/proto/generated/cache_service/cache_service_grpc.pb.go:110.82,115.59 1 0
url-shortener/proto/generated/cache_service/cache_service_grpc.pb.go:115.59,117.3 1 0
url-shortener/proto/generated/cache_service/cache_service_grpc.pb.go:118.2,118.51 1 0
url-shortener/proto/generated/cache_service/cache_service_grpc.pb.go:121.161,123.32 2 0
url-shortener/proto/generated/cache_service/cache_service_grpc.pb.go:123.32,125.3 1 0
url-shortener/proto/generated/cache_service/cache_service_grpc.pb.go:126.2,126.24 1 0
url-shortener/proto/generated/cache_service/cache_service_grpc.pb.go:126.24,128.3 1 0
url-shortener/proto/generated/cache_service/cache_service_grpc.pb.go:129.2,133.77 2 0
url-shortener/proto/generated/cache_service/cache_service_grpc.pb.go:133.77,135.3 1 0
url-shortener/proto/generated/cache_service/cache_service_grpc.pb.go:136.2,136.44 1 0
url-shortener/proto/generated/cache_service/cache_service_grpc.pb.go:139.161,141.32 2 0
url-shortener/proto/generated/cache_service/cache_service_grpc.pb.go:141.32,143.3 1 0
url-shortener/proto/generated/cache_service/cache_service_grpc.pb.go:144.2,144.24 1 0
url-shortener/proto/generated/cache_service/cache_service_grpc.pb.go:144.24,146.3 1 0
url-shortener/proto/generated/cache_service/cache_service_grpc.pb.go:147.2,151.77 2 0
url-shortener/proto/generated/cache_service/cache_service_grpc.pb.go:151.77,153.3 1 0
url-shortener/proto/generated/cache_service/cache_service_grpc.pb.go:154.2,154.44 1 0
url-shortener/proto/generated/cache_service/cache_service_grpc.pb.go:157.164,159.32 2 0
url-shortener/proto/generated/cache_service/cache_service_grpc.pb.go:159.32,161.3 1 0
url-shortener/proto/generated/cache_service/cache_service_grpc.pb.go:162.2,162.24 1 0
url-shortener/proto/generated/cache_service/cache_service_grpc.pb.go:162.24,164.3 1 0
url-shortener/proto/generated/cache_service/cache_service_grpc.pb.go:165.2,169.77 2 0
url-shortener/proto/generated/cache_service/cache_service_grpc.pb.go:169.77,171.3 1 0
url-shortener/proto/generated/cache_service/cache_service_grpc.pb.go:172.2,172.44 1 0
url-shortener/proto/generated/analytics_service/analytics_service.pb.go:35.30,40.2 4 0
url-shortener/proto/generated/analytics_service/analytics_service.pb.go:42.38,44.2 1 0
url-shortener/proto/generated/analytics_service/analytics_service.pb.go:46.36,46.37 0 0
url-shortener/proto/generated/analytics_service/analytics_service.pb.go:48.58,50.14 2 0
url-shortener/proto/generated/analytics_service/analytics_service.pb.go:50.14,52.34 2 0
url-shortener/proto/generated/analytics_service/analytics_service.pb.go:52.34,54.4 1 0
url-shortener/proto/generated/analytics_service/analytics_service.pb.go:55.3,55.12 1 0
url-shortener/proto/generated/analytics_service/analytics_service.pb.go:57.2,57.24 1 0
url-shortener/proto/generated/analytics_service/analytics_service.pb.go:61.49,63.2 1 0
url-shortener/proto/generated/analytics_service/analytics_service.pb.go:65.44,66.14 1 0
url-shortener/proto/generated/analytics_service/analytics_service.pb.go:66.14,68.3 1 0
url-shortener/proto/generated/analytics_service/analytics_service.pb.go:69.2,69.11 1 0
url-shortener/proto/generated/analytics_service/analytics_service.pb.go:72.44,73.14 1 0
url-shortener/proto/generated/analytics_service/analytics_service.pb.go:73.14,75.3 1 0
url-shortener/proto/generated/analytics_service/analytics_service.pb.go:76.2,76.11 1 0
url-shortener/proto/generated/analytics_service/analytics_service.pb.go:79.44,80.14 1 0
url-shortener/proto/generated/analytics_service/analytics_service.pb.go:80.14,82.3 1 0
url-shortener/proto/generated/analytics_service/analytics_service.pb.go:83.2,83.11 1 0
url-shortener/proto/generated/analytics_service/analytics_service.pb.go:86.42,87.14 1 0
url-shortener/proto/generated/analytics_service/analytics_service.pb.go:87.14,89.3 1 0
url-shortener/proto/generated/analytics_service/analytics_service.pb.go:90.2,90.11 1 0
url-shortener/proto/generated/analytics_service/analytics_service.pb.go:93.42,94.14 1 0
url-shortener/proto/generated/analytics_service/analytics_service.pb.go:94.14,96.3 1 0
url-shortener/proto/generated/analytics_service/analytics_service.pb.go:97.2,97.11 1 0
url-shortener/proto/generated/analytics_service/analytics_service.pb.go:107.33,112.2 4 0
url-shortener/proto/generated/analytics_service/analytics_service.pb.go:114.41,116.2 1 0
url-shortener/proto/generated/analytics_service/analytics_service.pb.go:118.39,118.40 0 0
url-shortener/proto/generated/analytics_service/analytics_service.pb.go:120.61,122.14 2 0
url-shortener/proto/generated/analytics_service/analytics_service.pb.go:122.14,124.34 2 0
url-shortener/proto/generated/analytics_service/analytics_service.pb.go:124.34,126.4 1 0
url-shortener/proto/generated/analytics_service/analytics_service.pb.go:127.3,127.12 1 0
url-shortener/proto/generated/analytics_service/analytics_service.pb.go:129.2,129.24 1 0
url-shortener/proto/generated/analytics_service/analytics_service.pb.go:133.52,135.2 1 0
url-shortener/proto/generated/analytics_service/analytics_service.pb.go:137.43,138.14 1 0
url-shortener/proto/generated/analytics_service/analytics_service.pb.go:138.14,140.3 1 0
url-shortener/proto/generated/analytics_service/analytics_service.pb.go:141.2,141.14 1 0
url-shortener/proto/generated/analytics_service/analytics_service.pb.go:151.32,156.2 4 0
url-shortener/proto/generated/analytics_service/analytics_service.pb.go:158.40,160.2 1 0
url-shortener/proto/generated/analytics_service/analytics_service.pb.go:162.38,162.39 0 0
url-shortener/proto/generated/analytics_service/analytics_service.pb.go:164.60,166.14 2 0
url-shortener/proto/generated/analytics_service/analytics_service.pb.go:166.14,168.34 2 0
url-shortener/proto/generated/analytics_service/analytics_service.pb.go:168.34,170.4 1 0
url-shortener/proto/generated/analytics_service/analytics_service.pb.go:171.3,171.12 1 0
url-shortener/proto/generated/analytics_service/analytics_service.pb.go:173.2,173.24 1 0
url-shortener/proto/generated/analytics_service/analytics_service.pb.go:177.51,179.2 1 0
url-shortener/proto/generated/analytics_service/analytics_service.pb.go:181.46,182.14 1 0
url-shortener/proto/generated/analytics_service/analytics_service.pb.go:182.14,184.3 1 0
url-shortener/proto/generated/analytics_service/analytics_service.pb.go:185.2,185.11 1 0
url-shortener/proto/generated/analytics_service/analytics_service.pb.go:197.33,202.2 4 0
url-shortener/proto/generated/analytics_service/analytics_service.pb.go:204.41,206.2 1 0
url-shortener/proto/generated/analytics_service/analytics_service.pb.go:208.39,208.40 0 0
url-shortener/proto/generated/analytics_service/analytics_service.pb.go:210.61,212.14 2 0
url-shortener/proto/generated/analytics_service/analytics_service.pb.go:212.14,214.34 2 0
url-shortener/proto/generated/analytics_service/analytics_service.pb.go:214.34,216.4 1 0
url-shortener/proto/generated/analytics_service/analytics_service.pb.go:217.3,217.12 1 0
url-shortener/proto/generated/analytics_service/analytics_service.pb.go:219.2,219.24 1 0
url-shortener/proto/generated/analytics_service/analytics_service.pb.go:223.52,225.2 1 0
url-shortener/proto/generated/analytics_service/analytics_service.pb.go:227.48,228.14 1 0
url-shortener/proto/generated/analytics_service/analytics_service.pb.go:228.14,230.3 1 0
url-shortener/proto/generated/analytics_service/analytics_service.pb.go:231.2,231.10 1 0
url-shortener/proto/generated/analytics_service/analytics_service.pb.go:234.51,235.14 1 0
url-shortener/proto/generated/analytics_service/analytics_service.pb.go:235.14,237.3 1 0
url-shortener/proto/generated/analytics_service/analytics_service.pb.go:238.2,238.10 1 0
url-shortener/proto/generated/analytics_service/analytics_service.pb.go:241.51,242.14 1 0
url-shortener/proto/generated/analytics_service/analytics_service.pb.go:242.14,244.3 1 0
url-shortener/proto/generated/analytics_service/analytics_service.pb.go:245.2,245.11 1 0
url-shortener/proto/generated/analytics_service/analytics_service.pb.go:300.62,301.59 1 0
url-shortener/proto/generated/analytics_service/analytics_service.pb.go:301.59,303.3 1 0
url-shortener/proto/generated/analytics_service/analytics_service.pb.go:304.2,304.55 1 0
url-shortener/proto/generated/analytics_service/analytics_service.pb.go:326.13,326.58 1 0
url-shortener/proto/generated/analytics_service/analytics_service.pb.go:327.48,328.47 1 0
url-shortener/proto/generated/analytics_service/analytics_service.pb.go:328.47,330.3 1 0
url-shortener/proto/generated/analytics_service/analytics_service.pb.go:331.2,347.50 5 0
url-shortener/proto/generated/analytics_service/analytics_service_grpc.pb.go:38.84,40.2 1 0
url-shortener/proto/generated/analytics_service/analytics_service_grpc.pb.go:42.132,46.16 4 0
url-shortener/proto/generated/analytics_service/analytics_service_grpc.pb.go:46.16,48.3 1 0
url-shortener/proto/generated/analytics_service/analytics_service_grpc.pb.go:49.2,49.17 1 0
url-shortener/proto/generated/analytics_service/analytics_service_grpc.pb.go:52.136,56.16 4 0
url-shortener/proto/generated/analytics_service/analytics_service_grpc.pb.go:56.16,58.3 1 0
url-shortener/proto/generated/analytics_service/analytics_service_grpc.pb.go:59.2,59.17 1 0
url-shortener/proto/generated/analytics_service/analytics_service_grpc.pb.go:78.110,80.2 1 0
url-shortener/proto/generated/analytics_service/analytics_service_grpc.pb.go:81.114,83.2 1 0
url-shortener/proto/generated/analytics_service/analytics_service_grpc.pb.go:84.92,84.93 0 0
url-shortener/proto/generated/analytics_service/analytics_service_grpc.pb.go:85.92,85.93 0 0
url-shortener/proto/generated/analytics_service/analytics_service_grpc.pb.go:94.90,99.59 1 0
url-shortener/proto/generated/analytics_service/analytics_service_grpc.pb.go:99.59,101.3 1 0
url-shortener/proto/generated/analytics_service/analytics_service_grpc.pb.go:102.2,102.55 1 0
url-shortener/proto/generated/analytics_service/analytics_service_grpc.pb.go:105.173,107.32 2 0
url-shortener/proto/generated/analytics_service/analytics_service_grpc.pb.go:107.32,109.3 1 0
url-shortener/proto/generated/analytics_service/analytics_service_grpc.pb.go:110.2,110.24 1 0
url-shortener/proto/generated/analytics_service/analytics_service_grpc.pb.go:110.24,112.3 1 0
url-shortener/proto/generated/analytics_service/analytics_service_grpc.pb.go:113.2,117.77 2 0
url-shortener/proto/generated/analytics_service/analytics_service_grpc.pb.go:117.77,119.3 1 0
url-shortener/proto/generated/analytics_service/analytics_service_grpc.pb.go:120.2,120.44 1 0
url-shortener/proto/generated/analytics_service/analytics_service_grpc.pb.go:123.175,125.32 2 0
url-shortener/proto/generated/analytics_service/analytics_service_grpc.pb.go:125.32,127.3 1 0
url-shortener/proto/generated/analytics_service/analytics_service_grpc.pb.go:128.2,128.24 1 0
url-shortener/proto/generated/analytics_service/analytics_service_grpc.pb.go:128.24,130.3 1 0
url-shortener/proto/generated/analytics_service/analytics_service_grpc.pb.go:131.2,135.77 2 0
url-shortener/proto/generated/analytics_service/analytics_service_grpc.pb.go:135.77,137.3 1 0
url-shortener/proto/generated/analytics_service/analytics_service_grpc.pb.go:138.2,138.44 1 0
url-shortener/services/analytics-service/service/service.go:20.73,25.2 1 0
url-shortener/services/analytics-service/service/service.go:27.99,40.2 3 0
url-shortener/services/analytics-service/service/service.go:42.103,44.16 2 0
url-shortener/services/analytics-service/service/service.go:44.16,46.3 1 0
url-shortener/services/analytics-service/service/service.go:48.2,49.32 2 0
url-shortener/services/analytics-service/service/service.go:49.32,51.3 1 0
url-shortener/services/analytics-service/service/service.go:53.2,57.8 1 0
url-shortener/services/analytics-service/main.go:22.13,24.17 2 0
url-shortener/services/analytics-service/main.go:24.17,26.3 1 0
url-shortener/services/analytics-service/main.go:28.2,29.16 2 0
url-shortener/services/analytics-service/main.go:29.16,31.3 1 0
url-shortener/services/analytics-service/main.go:32.2,37.34 4 0
url-shortener/services/analytics-service/main.go:37.34,39.3 1 0
url-shortener/services/analytics-service/main.go:41.2,49.16 6 0
url-shortener/services/analytics-service/main.go:49.16,51.3 1 0
url-shortener/services/analytics-service/main.go:53.2,57.12 4 0
url-shortener/services/analytics-service/main.go:57.12,59.47 2 0
url-shortener/services/analytics-service/main.go:59.47,61.4 1 0
url-shortener/services/analytics-service/main.go:64.2,70.27 6 0
url-shortener/services/analytics-service/repository/repository.go:16.34,21.2 1 0
url-shortener/services/analytics-service/repository/repository.go:29.74,30.22 1 0
url-shortener/services/analytics-service/repository/repository.go:30.22,32.3 1 0
url-shortener/services/analytics-service/repository/repository.go:34.2,37.31 2 0
url-shortener/services/analytics-service/repository/repository.go:37.31,46.3 1 0
url-shortener/services/analytics-service/repository/repository.go:48.2,49.12 2 0
url-shortener/services/analytics-service/repository/repository.go:52.58,64.2 3 0
url-shortener/services/analytics-service/repository/repository.go:66.65,77.16 4 0
url-shortener/services/analytics-service/repository/repository.go:77.16,78.27 1 0
url-shortener/services/analytics-service/repository/repository.go:78.27,80.4 1 0
url-shortener/services/analytics-service/repository/repository.go:81.3,81.18 1 0
url-shortener/services/analytics-service/repository/repository.go:83.2,83.20 1 0
url-shortener/services/url-service/main.go:21.13,23.17 2 0
url-shortener/services/url-service/main.go:23.17,25.3 1 0
url-shortener/services/url-service/main.go:27.2,28.16 2 0
url-shortener/services/url-service/main.go:28.16,30.3 1 0
url-shortener/services/url-service/main.go:31.2,36.34 4 0
url-shortener/services/url-service/main.go:36.34,38.3 1 0
url-shortener/services/url-service/main.go:40.2,44.16 4 0
url-shortener/services/url-service/main.go:44.16,46.3 1 0
url-shortener/services/url-service/main.go:48.2,52.12 4 0
url-shortener/services/url-service/main.go:52.12,54.47 2 0
url-shortener/services/url-service/main.go:54.47,56.4 1 0
url-shortener/services/url-service/main.go:59.2,64.27 5 0
url-shortener/services/cache-service/main.go:20.13,22.21 2 0
url-shortener/services/cache-service/main.go:22.21,24.3 1 0
url-shortener/services/cache-service/main.go:26.2,35.16 5 0
url-shortener/services/cache-service/main.go:35.16,37.3 1 0
url-shortener/services/cache-service/main.go:39.2,43.12 4 0
url-shortener/services/cache-service/main.go:43.12,45.47 2 0
url-shortener/services/cache-service/main.go:45.47,47.4 1 0
url-shortener/services/cache-service/main.go:50.2,56.13 6 0
url-shortener/services/api-gateway/handlers/handlers.go:21.154,27.2 1 0
url-shortener/services/api-gateway/handlers/handlers.go:35.46,37.47 2 0
url-shortener/services/api-gateway/handlers/handlers.go:37.47,40.3 2 0
url-shortener/services/api-gateway/handlers/handlers.go:42.2,50.16 4 0
url-shortener/services/api-gateway/handlers/handlers.go:50.16,53.3 2 0
url-shortener/services/api-gateway/handlers/handlers.go:55.2,55.19 1 0
url-shortener/services/api-gateway/handlers/handlers.go:55.19,58.3 2 0
url-shortener/services/api-gateway/handlers/handlers.go:60.2,69.4 2 0
url-shortener/services/api-gateway/handlers/handlers.go:72.47,79.41 5 0
url-shortener/services/api-gateway/handlers/handlers.go:79.41,83.3 3 0
url-shortener/services/api-gateway/handlers/handlers.go:85.2,86.16 2 0
url-shortener/services/api-gateway/handlers/handlers.go:86.16,89.3 2 0
url-shortener/services/api-gateway/handlers/handlers.go:91.2,91.17 1 0
url-shortener/services/api-gateway/handlers/handlers.go:91.17,94.3 2 0
url-shortener/services/api-gateway/handlers/handlers.go:96.2,96.20 1 0
url-shortener/services/api-gateway/handlers/handlers.go:96.20,99.3 2 0
url-shortener/services/api-gateway/handlers/handlers.go:101.2,109.59 3 0
url-shortener/services/api-gateway/handlers/handlers.go:112.44,121.16 5 0
url-shortener/services/api-gateway/handlers/handlers.go:121.16,124.3 2 0
url-shortener/services/api-gateway/handlers/handlers.go:126.2,131.4 1 0
url-shortener/services/api-gateway/handlers/handlers.go:134.45,141.16 5 0
url-shortener/services/api-gateway/handlers/handlers.go:141.16,144.3 2 0
url-shortener/services/api-gateway/handlers/handlers.go:146.2,148.55 2 0
url-shortener/services/api-gateway/handlers/handlers.go:151.65,162.2 3 0
url-shortener/services/url-service/repository/repository.go:15.34,20.2 1 0
url-shortener/services/url-service/repository/repository.go:32.45,39.2 2 0
url-shortener/services/url-service/repository/repository.go:41.69,51.16 4 0
url-shortener/services/url-service/repository/repository.go:51.16,53.3 1 0
url-shortener/services/url-service/repository/repository.go:54.2,54.18 1 0
url-shortener/services/url-service/repository/repository.go:57.53,64.2 3 0
url-shortener/services/url-service/repository/repository.go:66.61,74.2 4 0
url-shortener/services/cache-service/service/service.go:16.39,18.2 1 0
url-shortener/services/cache-service/service/service.go:20.99,22.16 2 0
url-shortener/services/cache-service/service/service.go:22.16,24.3 1 0
url-shortener/services/cache-service/service/service.go:26.2,29.8 1 0
url-shortener/services/cache-service/service/service.go:32.99,34.14 2 0
url-shortener/services/cache-service/service/service.go:34.14,36.3 1 0
url-shortener/services/cache-service/service/service.go:38.2,39.55 2 0
url-shortener/services/cache-service/service/service.go:42.108,45.2 2 0
url-shortener/services/url-service/service/service.go:19.48,21.2 1 0
url-shortener/services/url-service/service/service.go:23.112,25.27 2 0
url-shortener/services/url-service/service/service.go:25.27,28.3 2 0
url-shortener/services/url-service/service/service.go:30.2,33.25 3 0
url-shortener/services/url-service/service/service.go:33.25,35.17 2 0
url-shortener/services/url-service/service/service.go:35.17,37.4 1 0
url-shortener/services/url-service/service/service.go:39.3,40.14 2 0
url-shortener/services/url-service/service/service.go:40.14,41.9 1 0
url-shortener/services/url-service/service/service.go:45.2,53.43 2 0
url-shortener/services/url-service/service/service.go:53.43,55.3 1 0
url-shortener/services/url-service/service/service.go:57.2,61.8 1 0
url-shortener/services/url-service/service/service.go:64.106,66.16 2 0
url-shortener/services/url-service/service/service.go:66.16,67.27 1 0
url-shortener/services/url-service/service/service.go:67.27,69.4 1 0
url-shortener/services/url-service/service/service.go:70.3,70.18 1 0
url-shortener/services/url-service/service/service.go:73.2,73.62 1 0
url-shortener/services/url-service/service/service.go:73.62,75.3 1 0
url-shortener/services/url-service/service/service.go:77.2,81.8 1 0
url-shortener/services/url-service/service/service.go:84.107,87.2 2 0
url-shortener/services/api-gateway/middleware/ratelimit.go:15.63,19.2 1 0
url-shortener/services/api-gateway/middleware/ratelimit.go:21.53,22.30 1 0
url-shortener/services/api-gateway/middleware/ratelimit.go:22.30,25.28 2 0
url-shortener/services/api-gateway/middleware/ratelimit.go:25.28,31.4 3 0
url-shortener/services/api-gateway/middleware/ratelimit.go:33.3,33.11 1 0
url-shortener/services/api-gateway/main.go:23.13,28.16 2 0
url-shortener/services/api-gateway/main.go:28.16,30.3 1 0
url-shortener/services/api-gateway/main.go:31.2,37.16 3 0
url-shortener/services/api-gateway/main.go:37.16,39.3 1 0
url-shortener/services/api-gateway/main.go:40.2,46.16 3 0
url-shortener/services/api-gateway/main.go:46.16,48.3 1 0
url-shortener/services/api-gateway/main.go:49.2,72.12 14 0
url-shortener/services/api-gateway/main.go:72.12,74.77 2 0
url-shortener/services/api-gateway/main.go:74.77,76.4 1 0
url-shortener/services/api-gateway/main.go:79.2,87.42 7 0
url-shortener/services/api-gateway/main.go:87.42,89.3 1 0
url-shortener/services/api-gateway/main.go:92.42,93.42 1 0
url-shortener/services/api-gateway/main.go:93.42,95.3 1 0
url-shortener/services/api-gateway/main.go:96.2,96.17 1 0
